# JRE version: OpenJDK Runtime Environment 18.9 (11.0.11+9) (build 11.0.11+9)
# Java VM: OpenJDK 64-Bit Server VM 18.9 (11.0.11+9, mixed mode, tiered, compressed oops, g1 gc, linux-amd64)
Heap:
 garbage-first heap   total 524288K, used 227643K [0x0000000700000000, 0x0000000800000000)
  region size 1024K, 162 young (165888K), 21 survivors (21504K)
 Metaspace       used 114550K, capacity 121616K, committed 121948K, reserved 1157120K
  class space    used 12703K, capacity 15058K, committed 15104K, reserved 1048576K
GC Heap History (16 events):
Event: 5.753 GC heap before
{Heap before GC invocations=0 (full 0):
 garbage-first heap   total 524288K, used 25600K [0x0000000700000000, 0x0000000800000000)
  region size 1024K, 25 young (25600K), 0 survivors (0K)
 Metaspace       used 13628K, capacity 13842K, committed 14208K, reserved 1062912K
  class space    used 1254K, capacity 1339K, committed 1408K, reserved 1048576K
}
Event: 5.756 GC heap after
{Heap after GC invocations=1 (full 0):
 garbage-first heap   total 524288K, used 3897K [0x0000000700000000, 0x0000000800000000)
  region size 1024K, 4 young (4096K), 4 survivors (4096K)
 Metaspace       used 13628K, capacity 13842K, committed 14208K, reserved 1062912K
  class space    used 1254K, capacity 1339K, committed 1408K, reserved 1048576K
}
Event: 6.735 GC heap before
{Heap before GC invocations=1 (full 0):
 garbage-first heap   total 524288K, used 224057K [0x0000000700000000, 0x0000000800000000)
  region size 1024K, 218 young (223232K), 4 survivors (4096K)
 Metaspace       used 20287K, capacity 21236K, committed 21296K, reserved 1069056K
  class space    used 1848K, capacity 2165K, committed 2176K, reserved 1048576K
}
Event: 6.752 GC heap after
{Heap after GC invocations=2 (full 0):
 garbage-first heap   total 524288K, used 23608K [0x0000000700000000, 0x0000000800000000)
  region size 1024K, 23 young (23552K), 23 survivors (23552K)
 Metaspace       used 20287K, capacity 21236K, committed 21296K, reserved 1069056K
  class space    used 1848K, capacity 2165K, committed 2176K, reserved 1048576K
}
Event: 8.661 GC heap before
{Heap before GC invocations=3 (full 0):
 garbage-first heap   total 524288K, used 151608K [0x0000000700000000, 0x0000000800000000)
  region size 1024K, 149 young (152576K), 23 survivors (23552K)
 Metaspace       used 33201K, capacity 35699K, committed 35888K, reserved 1081344K
  class space    used 3429K, capacity 4221K, committed 4224K, reserved 1048576K
}
Event: 8.671 GC heap after
{Heap after GC invocations=4 (full 0):
 garbage-first heap   total 524288K, used 27615K [0x0000000700000000, 0x0000000800000000)
  region size 1024K, 7 young (7168K), 7 survivors (7168K)
 Metaspace       used 33201K, capacity 35699K, committed 35888K, reserved 1081344K
  class space    used 3429K, capacity 4221K, committed 4224K, reserved 1048576K
}
Event: 10.586 GC heap before
{Heap before GC invocations=5 (full 0):
 garbage-first heap   total 524288K, used 197599K [0x0000000700000000, 0x0000000800000000)
  region size 1024K, 168 young (172032K), 7 survivors (7168K)
 Metaspace       used 55515K, capacity 60182K, committed 60316K, reserved 1101824K
  class space    used 6093K, capacity 7638K, committed 7680K, reserved 1048576K
}
Event: 10.601 GC heap after
{Heap after GC invocations=6 (full 0):
 garbage-first heap   total 524288K, used 53015K [0x0000000700000000, 0x0000000800000000)
  region size 1024K, 28 young (28672K), 28 survivors (28672K)
 Metaspace       used 55515K, capacity 60182K, committed 60316K, reserved 1101824K
  class space    used 6093K, capacity 7638K, committed 7680K, reserved 1048576K
}
Event: 16.397 GC heap before
{Heap before GC invocations=7 (full 0):
 garbage-first heap   total 524288K, used 184087K [0x0000000700000000, 0x0000000800000000)
  region size 1024K, 155 young (158720K), 28 survivors (28672K)
 Metaspace       used 80361K, capacity 86193K, committed 86812K, reserved 1126400K
  class space    used 8606K, capacity 10602K, committed 10624K, reserved 1048576K
}
Event: 16.406 GC heap after
{Heap after GC invocations=8 (full 0):
 garbage-first heap   total 524288K, used 65692K [0x0000000700000000, 0x0000000800000000)
  region size 1024K, 13 young (13312K), 13 survivors (13312K)
 Metaspace       used 80361K, capacity 86193K, committed 86812K, reserved 1126400K
  class space    used 8606K, capacity 10602K, committed 10624K, reserved 1048576K
}
Event: 18.417 GC heap before
{Heap before GC invocations=8 (full 0):
 garbage-first heap   total 524288K, used 246940K [0x0000000700000000, 0x0000000800000000)
  region size 1024K, 191 young (195584K), 13 survivors (13312K)
 Metaspace       used 93957K, capacity 100243K, committed 100956K, reserved 1138688K
  class space    used 10143K, capacity 12267K, committed 12288K, reserved 1048576K
}
Event: 18.422 GC heap after
{Heap after GC invocations=9 (full 0):
 garbage-first heap   total 524288K, used 69742K [0x0000000700000000, 0x0000000800000000)
  region size 1024K, 17 young (17408K), 17 survivors (17408K)
 Metaspace       used 93957K, capacity 100243K, committed 100956K, reserved 1138688K
  class space    used 10143K, capacity 12267K, committed 12288K, reserved 1048576K
}
Event: 18.708 GC heap before
{Heap before GC invocations=9 (full 0):
 garbage-first heap   total 524288K, used 93294K [0x0000000700000000, 0x0000000800000000)
  region size 1024K, 42 young (43008K), 17 survivors (17408K)
 Metaspace       used 94101K, capacity 100376K, committed 100956K, reserved 1138688K
  class space    used 10145K, capacity 12269K, committed 12288K, reserved 1048576K
}
Event: 18.719 GC heap after
{Heap after GC invocations=10 (full 0):
 garbage-first heap   total 524288K, used 70125K [0x0000000700000000, 0x0000000800000000)
  region size 1024K, 7 young (7168K), 7 survivors (7168K)
 Metaspace       used 94101K, capacity 100376K, committed 100956K, reserved 1138688K
  class space    used 10145K, capacity 12269K, committed 12288K, reserved 1048576K
}
Event: 22.191 GC heap before
{Heap before GC invocations=11 (full 0):
 garbage-first heap   total 524288K, used 326125K [0x0000000700000000, 0x0000000800000000)
  region size 1024K, 258 young (264192K), 7 survivors (7168K)
 Metaspace       used 111815K, capacity 118783K, committed 118876K, reserved 1153024K
  class space    used 12433K, capacity 14805K, committed 14848K, reserved 1048576K
}
Event: 22.197 GC heap after
{Heap after GC invocations=12 (full 0):
 garbage-first heap   total 524288K, used 85307K [0x0000000700000000, 0x0000000800000000)
  region size 1024K, 21 young (21504K), 21 survivors (21504K)
 Metaspace       used 111815K, capacity 118783K, committed 118876K, reserved 1153024K
  class space    used 12433K, capacity 14805K, committed 14848K, reserved 1048576K
}

